<?xml version="1.0" encoding="UTF-8"?>
<testng-results ignored="0" total="1" passed="1" failed="0" skipped="0">
  <reporter-output>
  </reporter-output>
  <suite started-at="2021-03-18T05:07:12Z" name="Suite" finished-at="2021-03-18T05:08:01Z" duration-ms="48896">
    <groups>
    </groups>
    <test started-at="2021-03-18T05:07:12Z" name="Test" finished-at="2021-03-18T05:08:01Z" duration-ms="48896">
      <class name="jenkinsWithSelenium.JenkinsDemo">
        <test-method signature="testgooglrsearch1()[pri:0, instance:jenkinsWithSelenium.JenkinsDemo@6d026701]" started-at="2021-03-18T05:07:12Z" name="testgooglrsearch1" finished-at="2021-03-18T05:08:01Z" duration-ms="48820" status="PASS">
          <reporter-output>
          </reporter-output>
        </test-method> <!-- testgooglrsearch1 -->
      </class> <!-- jenkinsWithSelenium.JenkinsDemo -->
    </test> <!-- Test -->
  </suite> <!-- Suite -->
</testng-results>
